c:\users\romanbabukh\source\repos\uzh-cplus-lecture2\lecture2\rpncalculatorupgraded\x64\debug\vc143.pdb
c:\users\romanbabukh\source\repos\uzh-cplus-lecture2\lecture2\rpncalculatorupgraded\x64\debug\vc143.idb
c:\users\romanbabukh\source\repos\uzh-cplus-lecture2\lecture2\rpncalculatorupgraded\x64\debug\rpncalculatorupgraded.obj
c:\users\romanbabukh\source\repos\uzh-cplus-lecture2\lecture2\rpncalculatorupgraded\x64\debug\fraction.obj
c:\users\romanbabukh\source\repos\uzh-cplus-lecture2\lecture2\x64\debug\rpncalculatorupgraded.pdb
c:\users\romanbabukh\source\repos\uzh-cplus-lecture2\lecture2\rpncalculatorupgraded\x64\debug\rpncalcu.202e2398.tlog\cl.command.1.tlog
c:\users\romanbabukh\source\repos\uzh-cplus-lecture2\lecture2\rpncalculatorupgraded\x64\debug\rpncalcu.202e2398.tlog\cl.read.1.tlog
c:\users\romanbabukh\source\repos\uzh-cplus-lecture2\lecture2\rpncalculatorupgraded\x64\debug\rpncalcu.202e2398.tlog\cl.write.1.tlog
c:\users\romanbabukh\source\repos\uzh-cplus-lecture2\lecture2\rpncalculatorupgraded\x64\debug\rpncalcu.202e2398.tlog\link-cvtres.read.1.tlog
c:\users\romanbabukh\source\repos\uzh-cplus-lecture2\lecture2\rpncalculatorupgraded\x64\debug\rpncalcu.202e2398.tlog\link-cvtres.write.1.tlog
c:\users\romanbabukh\source\repos\uzh-cplus-lecture2\lecture2\rpncalculatorupgraded\x64\debug\rpncalcu.202e2398.tlog\link-rc.read.1.tlog
c:\users\romanbabukh\source\repos\uzh-cplus-lecture2\lecture2\rpncalculatorupgraded\x64\debug\rpncalcu.202e2398.tlog\link-rc.write.1.tlog
c:\users\romanbabukh\source\repos\uzh-cplus-lecture2\lecture2\rpncalculatorupgraded\x64\debug\rpncalcu.202e2398.tlog\link.18036-cvtres.read.1.tlog
c:\users\romanbabukh\source\repos\uzh-cplus-lecture2\lecture2\rpncalculatorupgraded\x64\debug\rpncalcu.202e2398.tlog\link.18036-cvtres.write.1.tlog
c:\users\romanbabukh\source\repos\uzh-cplus-lecture2\lecture2\rpncalculatorupgraded\x64\debug\rpncalcu.202e2398.tlog\link.18036-rc.read.1.tlog
c:\users\romanbabukh\source\repos\uzh-cplus-lecture2\lecture2\rpncalculatorupgraded\x64\debug\rpncalcu.202e2398.tlog\link.18036-rc.write.1.tlog
c:\users\romanbabukh\source\repos\uzh-cplus-lecture2\lecture2\rpncalculatorupgraded\x64\debug\rpncalcu.202e2398.tlog\link.18036.read.1.tlog
c:\users\romanbabukh\source\repos\uzh-cplus-lecture2\lecture2\rpncalculatorupgraded\x64\debug\rpncalcu.202e2398.tlog\link.18036.read.2.tlog
c:\users\romanbabukh\source\repos\uzh-cplus-lecture2\lecture2\rpncalculatorupgraded\x64\debug\rpncalcu.202e2398.tlog\link.18036.write.1.tlog
c:\users\romanbabukh\source\repos\uzh-cplus-lecture2\lecture2\rpncalculatorupgraded\x64\debug\rpncalcu.202e2398.tlog\link.command.1.tlog
c:\users\romanbabukh\source\repos\uzh-cplus-lecture2\lecture2\rpncalculatorupgraded\x64\debug\rpncalcu.202e2398.tlog\link.read.1.tlog
c:\users\romanbabukh\source\repos\uzh-cplus-lecture2\lecture2\rpncalculatorupgraded\x64\debug\rpncalcu.202e2398.tlog\link.read.2.tlog
c:\users\romanbabukh\source\repos\uzh-cplus-lecture2\lecture2\rpncalculatorupgraded\x64\debug\rpncalcu.202e2398.tlog\link.write.1.tlog
